#-----------------------------------------------------------
# Vivado v2025.1 (64-bit)
# SW Build 6140274 on Thu May 22 00:12:29 MDT 2025
# IP Build 6138677 on Thu May 22 03:10:11 MDT 2025
# SharedData Build 6139179 on Tue May 20 17:58:58 MDT 2025
# Start of session at: Thu Nov 27 20:36:37 2025
# Process ID         : 11900
# Current directory  : C:/Users/vikra/Documents/School/ThirdYearEng/FALL/ENEL453/ENEL-453/lab7/lab7
# Command line       : vivado.exe -gui_launcher_event rodinguilauncherevent33092 C:\Users\vikra\Documents\School\ThirdYearEng\FALL\ENEL453\ENEL-453\lab7\lab7\lab7.xpr
# Log file           : C:/Users/vikra/Documents/School/ThirdYearEng/FALL/ENEL453/ENEL-453/lab7/lab7/vivado.log
# Journal file       : C:/Users/vikra/Documents/School/ThirdYearEng/FALL/ENEL453/ENEL-453/lab7/lab7\vivado.jou
# Running On         : VikramAsus
# Platform           : Windows Server 2016 or Windows 10
# Operating System   : 26100
# Processor Detail   : 13th Gen Intel(R) Core(TM) i5-1335U
# CPU Frequency      : 2496 MHz
# CPU Physical cores : 10
# CPU Logical cores  : 12
# Host memory        : 16786 MB
# Swap memory        : 20852 MB
# Total Virtual      : 37638 MB
# Available Virtual  : 9307 MB
#-----------------------------------------------------------
start_gui
open_project C:/Users/vikra/Documents/School/ThirdYearEng/FALL/ENEL453/ENEL-453/lab7/lab7/lab7.xpr
WARNING: [Board 49-26] cannot add Board Part xilinx.com:emb-plus-vpr-4616:part0:1.0 available at C:/Xilinx/2025.1/data/xhub/boards\XilinxBoardStore\boards\Xilinx\emb-plus-vpr-4616\1.0\board.xml as part xcve2302-sfva784-2mp-e-s specified in board_part file is either invalid or not available
WARNING: [Board 49-26] cannot add Board Part xilinx.com:emb-plus-vpr-4616:part0:1.1 available at C:/Xilinx/2025.1/data/xhub/boards\XilinxBoardStore\boards\Xilinx\emb-plus-vpr-4616\1.1\board.xml as part xcve2302-sfva784-2mp-e-s specified in board_part file is either invalid or not available
WARNING: [Board 49-26] cannot add Board Part xilinx.com:k24c:part0:1.0 available at C:/Xilinx/2025.1/data/xhub/boards\XilinxBoardStore\boards\Xilinx\k24c\1.0\board.xml as part xck24-ubva530-2lv-c specified in board_part file is either invalid or not available
WARNING: [Board 49-26] cannot add Board Part xilinx.com:k24c:part0:1.1 available at C:/Xilinx/2025.1/data/xhub/boards\XilinxBoardStore\boards\Xilinx\k24c\1.1\board.xml as part xck24-ubva530-2lv-c specified in board_part file is either invalid or not available
WARNING: [Board 49-26] cannot add Board Part xilinx.com:k24i:part0:1.0 available at C:/Xilinx/2025.1/data/xhub/boards\XilinxBoardStore\boards\Xilinx\k24i\1.0\board.xml as part xck24-ubva530-2lvi-i specified in board_part file is either invalid or not available
WARNING: [Board 49-26] cannot add Board Part xilinx.com:k26c:part0:1.2 available at C:/Xilinx/2025.1/data/xhub/boards\XilinxBoardStore\boards\Xilinx\k26c\1.2\board.xml as part xck26-sfvc784-2lv-c specified in board_part file is either invalid or not available
WARNING: [Board 49-26] cannot add Board Part xilinx.com:k26c:part0:1.3 available at C:/Xilinx/2025.1/data/xhub/boards\XilinxBoardStore\boards\Xilinx\k26c\1.3\board.xml as part xck26-sfvc784-2lv-c specified in board_part file is either invalid or not available
WARNING: [Board 49-26] cannot add Board Part xilinx.com:k26c:part0:1.4 available at C:/Xilinx/2025.1/data/xhub/boards\XilinxBoardStore\boards\Xilinx\k26c\1.4\board.xml as part xck26-sfvc784-2lv-c specified in board_part file is either invalid or not available
WARNING: [Board 49-26] cannot add Board Part xilinx.com:k26i:part0:1.2 available at C:/Xilinx/2025.1/data/xhub/boards\XilinxBoardStore\boards\Xilinx\k26i\1.2\board.xml as part xck26-sfvc784-2lvi-i specified in board_part file is either invalid or not available
WARNING: [Board 49-26] cannot add Board Part xilinx.com:k26i:part0:1.3 available at C:/Xilinx/2025.1/data/xhub/boards\XilinxBoardStore\boards\Xilinx\k26i\1.3\board.xml as part xck26-sfvc784-2lvi-i specified in board_part file is either invalid or not available
WARNING: [Board 49-26] cannot add Board Part xilinx.com:k26i:part0:1.4 available at C:/Xilinx/2025.1/data/xhub/boards\XilinxBoardStore\boards\Xilinx\k26i\1.4\board.xml as part xck26-sfvc784-2lvi-i specified in board_part file is either invalid or not available
WARNING: [Board 49-26] cannot add Board Part xilinx.com:kcu105:part0:1.6 available at C:/Xilinx/2025.1/data/xhub/boards\XilinxBoardStore\boards\Xilinx\kcu105\1.6\board.xml as part xcku040-ffva1156-2-e specified in board_part file is either invalid or not available
WARNING: [Board 49-26] cannot add Board Part xilinx.com:kcu105:part0:1.7 available at C:/Xilinx/2025.1/data/xhub/boards\XilinxBoardStore\boards\Xilinx\kcu105\1.7\board.xml as part xcku040-ffva1156-2-e specified in board_part file is either invalid or not available
WARNING: [Board 49-26] cannot add Board Part xilinx.com:kcu116:part0:1.4 available at C:/Xilinx/2025.1/data/xhub/boards\XilinxBoardStore\boards\Xilinx\kcu116\1.4\board.xml as part xcku5p-ffvb676-2-e specified in board_part file is either invalid or not available
WARNING: [Board 49-26] cannot add Board Part xilinx.com:kcu116:part0:1.5 available at C:/Xilinx/2025.1/data/xhub/boards\XilinxBoardStore\boards\Xilinx\kcu116\1.5\board.xml as part xcku5p-ffvb676-2-e specified in board_part file is either invalid or not available
WARNING: [Board 49-26] cannot add Board Part xilinx.com:kcu1500:part0:1.2 available at C:/Xilinx/2025.1/data/xhub/boards\XilinxBoardStore\boards\Xilinx\kcu1500\1.2\board.xml as part xcku115-flvb2104-2-e specified in board_part file is either invalid or not available
WARNING: [Board 49-26] cannot add Board Part xilinx.com:kd240_som:part0:1.0 available at C:/Xilinx/2025.1/data/xhub/boards\XilinxBoardStore\boards\Xilinx\kd240_som\1.0\board.xml as part xck24-ubva530-2lv-c specified in board_part file is either invalid or not available
WARNING: [Board 49-26] cannot add Board Part xilinx.com:kd240_som:part0:1.1 available at C:/Xilinx/2025.1/data/xhub/boards\XilinxBoardStore\boards\Xilinx\kd240_som\1.1\board.xml as part xck24-ubva530-2lv-c specified in board_part file is either invalid or not available
WARNING: [Board 49-26] cannot add Board Part xilinx.com:kr260_som:part0:1.0 available at C:/Xilinx/2025.1/data/xhub/boards\XilinxBoardStore\boards\Xilinx\kr260_som\1.0\board.xml as part xck26-sfvc784-2lv-c specified in board_part file is either invalid or not available
WARNING: [Board 49-26] cannot add Board Part xilinx.com:kr260_som:part0:1.1 available at C:/Xilinx/2025.1/data/xhub/boards\XilinxBoardStore\boards\Xilinx\kr260_som\1.1\board.xml as part xck26-sfvc784-2lv-c specified in board_part file is either invalid or not available
WARNING: [Board 49-26] cannot add Board Part xilinx.com:kv260_som:part0:1.2 available at C:/Xilinx/2025.1/data/xhub/boards\XilinxBoardStore\boards\Xilinx\kv260_som\1.2\board.xml as part xck26-sfvc784-2lv-c specified in board_part file is either invalid or not available
WARNING: [Board 49-26] cannot add Board Part xilinx.com:kv260_som:part0:1.3 available at C:/Xilinx/2025.1/data/xhub/boards\XilinxBoardStore\boards\Xilinx\kv260_som\1.3\board.xml as part xck26-sfvc784-2lv-c specified in board_part file is either invalid or not available
WARNING: [Board 49-26] cannot add Board Part xilinx.com:kv260_som:part0:1.4 available at C:/Xilinx/2025.1/data/xhub/boards\XilinxBoardStore\boards\Xilinx\kv260_som\1.4\board.xml as part xck26-sfvc784-2lv-c specified in board_part file is either invalid or not available
WARNING: [Board 49-26] cannot add Board Part xilinx.com:scu35:part0:1.0 available at C:/Xilinx/2025.1/data/xhub/boards\XilinxBoardStore\boards\Xilinx\scu35\1.0\board.xml as part xcsu35p-sbvb625-2-e specified in board_part file is either invalid or not available
WARNING: [Board 49-26] cannot add Board Part xilinx.com:v80:part0:1.0 available at C:/Xilinx/2025.1/data/xhub/boards\XilinxBoardStore\boards\Xilinx\v80\1.0\board.xml as part xcv80-lsva4737-2mhp-e-s specified in board_part file is either invalid or not available
WARNING: [Board 49-26] cannot add Board Part xilinx.com:vck190:part0:2.2 available at C:/Xilinx/2025.1/data/xhub/boards\XilinxBoardStore\boards\Xilinx\vck190\production\2.2\board.xml as part xcvc1902-vsva2197-2mp-e-s specified in board_part file is either invalid or not available
WARNING: [Board 49-26] cannot add Board Part xilinx.com:vck190:part0:3.0 available at C:/Xilinx/2025.1/data/xhub/boards\XilinxBoardStore\boards\Xilinx\vck190\production\3.0\board.xml as part xcvc1902-vsva2197-2mp-e-s specified in board_part file is either invalid or not available
WARNING: [Board 49-26] cannot add Board Part xilinx.com:vck190:part0:3.1 available at C:/Xilinx/2025.1/data/xhub/boards\XilinxBoardStore\boards\Xilinx\vck190\production\3.1\board.xml as part xcvc1902-vsva2197-2mp-e-s specified in board_part file is either invalid or not available
WARNING: [Board 49-26] cannot add Board Part xilinx.com:vck190:part0:3.2 available at C:/Xilinx/2025.1/data/xhub/boards\XilinxBoardStore\boards\Xilinx\vck190\production\3.2\board.xml as part xcvc1902-vsva2197-2mp-e-s specified in board_part file is either invalid or not available
WARNING: [Board 49-26] cannot add Board Part xilinx.com:vck190:part0:3.3 available at C:/Xilinx/2025.1/data/xhub/boards\XilinxBoardStore\boards\Xilinx\vck190\production\3.3\board.xml as part xcvc1902-vsva2197-2mp-e-s specified in board_part file is either invalid or not available
WARNING: [Board 49-26] cannot add Board Part xilinx.com:vck190:part0:3.4 available at C:/Xilinx/2025.1/data/xhub/boards\XilinxBoardStore\boards\Xilinx\vck190\production\3.4\board.xml as part xcvc1902-vsva2197-2mp-e-s specified in board_part file is either invalid or not available
WARNING: [Board 49-26] cannot add Board Part xilinx.com:vck190_newl:part0:1.0 available at C:/Xilinx/2025.1/data/xhub/boards\XilinxBoardStore\boards\Xilinx\vck190_newl\production\1.0\board.xml as part xcvc1902-vsva2197-2mp-e-s specified in board_part file is either invalid or not available
WARNING: [Board 49-26] cannot add Board Part xilinx.com:vck190_newl:part0:1.1 available at C:/Xilinx/2025.1/data/xhub/boards\XilinxBoardStore\boards\Xilinx\vck190_newl\production\1.1\board.xml as part xcvc1902-vsva2197-2mp-e-s specified in board_part file is either invalid or not available
WARNING: [Board 49-26] cannot add Board Part xilinx.com:vck190_newl:part0:1.2 available at C:/Xilinx/2025.1/data/xhub/boards\XilinxBoardStore\boards\Xilinx\vck190_newl\production\1.2\board.xml as part xcvc1902-vsva2197-2mp-e-s specified in board_part file is either invalid or not available
WARNING: [Board 49-26] cannot add Board Part xilinx.com:vck190_newl:part0:1.3 available at C:/Xilinx/2025.1/data/xhub/boards\XilinxBoardStore\boards\Xilinx\vck190_newl\production\1.3\board.xml as part xcvc1902-vsva2197-2mp-e-s specified in board_part file is either invalid or not available
WARNING: [Board 49-26] cannot add Board Part xilinx.com:vcu108:part0:1.6 available at C:/Xilinx/2025.1/data/xhub/boards\XilinxBoardStore\boards\Xilinx\vcu108\1.6\board.xml as part xcvu095-ffva2104-2-e specified in board_part file is either invalid or not available
WARNING: [Board 49-26] cannot add Board Part xilinx.com:vcu108:part0:1.7 available at C:/Xilinx/2025.1/data/xhub/boards\XilinxBoardStore\boards\Xilinx\vcu108\1.7\board.xml as part xcvu095-ffva2104-2-e specified in board_part file is either invalid or not available
WARNING: [Board 49-26] cannot add Board Part xilinx.com:vcu110:part0:1.4 available at C:/Xilinx/2025.1/data/xhub/boards\XilinxBoardStore\boards\Xilinx\vcu110\1.4\board.xml as part xcvu190-flgc2104-2-e specified in board_part file is either invalid or not available
WARNING: [Board 49-26] cannot add Board Part xilinx.com:vcu118:part0:2.0 available at C:/Xilinx/2025.1/data/xhub/boards\XilinxBoardStore\boards\Xilinx\vcu118\2.0\board.xml as part xcvu9p-flga2104-2l-e specified in board_part file is either invalid or not available
WARNING: [Board 49-26] cannot add Board Part xilinx.com:vcu118:part0:2.3 available at C:/Xilinx/2025.1/data/xhub/boards\XilinxBoardStore\boards\Xilinx\vcu118\2.3\board.xml as part xcvu9p-flga2104-2l-e specified in board_part file is either invalid or not available
WARNING: [Board 49-26] cannot add Board Part xilinx.com:vcu118:part0:2.4 available at C:/Xilinx/2025.1/data/xhub/boards\XilinxBoardStore\boards\Xilinx\vcu118\2.4\board.xml as part xcvu9p-flga2104-2l-e specified in board_part file is either invalid or not available
WARNING: [Board 49-26] cannot add Board Part xilinx.com:vcu128:part0:1.0 available at C:/Xilinx/2025.1/data/xhub/boards\XilinxBoardStore\boards\Xilinx\vcu128\production\1.0\board.xml as part xcvu37p-fsvh2892-2l-e specified in board_part file is either invalid or not available
WARNING: [Board 49-26] cannot add Board Part xilinx.com:vcu129:part0:1.0 available at C:/Xilinx/2025.1/data/xhub/boards\XilinxBoardStore\boards\Xilinx\vcu129\production\1.0\board.xml as part xcvu29p-fsga2577-2l-e specified in board_part file is either invalid or not available
WARNING: [Board 49-26] cannot add Board Part xilinx.com:vcu1525:part0:1.3 available at C:/Xilinx/2025.1/data/xhub/boards\XilinxBoardStore\boards\Xilinx\vcu1525\1.3\board.xml as part xcvu9p-fsgd2104-2l-e specified in board_part file is either invalid or not available
WARNING: [Board 49-26] cannot add Board Part xilinx.com:vek280:part0:1.0 available at C:/Xilinx/2025.1/data/xhub/boards\XilinxBoardStore\boards\Xilinx\vek280\production\1.0\board.xml as part xcve2802-vsvh1760-2mp-e-s specified in board_part file is either invalid or not available
WARNING: [Board 49-26] cannot add Board Part xilinx.com:vek280:part0:1.1 available at C:/Xilinx/2025.1/data/xhub/boards\XilinxBoardStore\boards\Xilinx\vek280\production\1.1\board.xml as part xcve2802-vsvh1760-2mp-e-s specified in board_part file is either invalid or not available
WARNING: [Board 49-26] cannot add Board Part xilinx.com:vek280:part0:1.2 available at C:/Xilinx/2025.1/data/xhub/boards\XilinxBoardStore\boards\Xilinx\vek280\production\1.2\board.xml as part xcve2802-vsvh1760-2mp-e-s specified in board_part file is either invalid or not available
WARNING: [Board 49-26] cannot add Board Part xilinx.com:vek385:part0:1.0 available at C:/Xilinx/2025.1/data/xhub/boards\XilinxBoardStore\boards\Xilinx\vek385\1.0\board.xml as part xc2ve3858-ssva2112-2mp-e-s specified in board_part file is either invalid or not available
WARNING: [Board 49-26] cannot add Board Part xilinx.com:vermeo_t1_mpsoc:part0:1.0 available at C:/Xilinx/2025.1/data/xhub/boards\XilinxBoardStore\boards\Xilinx\vermeo_t1_mpsoc\1.0\board.xml as part xczu19eg-ffvd1760-2l-e specified in board_part file is either invalid or not available
WARNING: [Board 49-26] cannot add Board Part xilinx.com:vermeo_t1_rfsoc:part0:1.0 available at C:/Xilinx/2025.1/data/xhub/boards\XilinxBoardStore\boards\Xilinx\vermeo_t1_rfsoc\1.0\board.xml as part xczu21dr-ffvd1156-2l-e specified in board_part file is either invalid or not available
WARNING: [Board 49-26] cannot add Board Part xilinx.com:vhk158:part0:1.0 available at C:/Xilinx/2025.1/data/xhub/boards\XilinxBoardStore\boards\Xilinx\vhk158\production\1.0\board.xml as part xcvh1582-vsva3697-2mp-e-s specified in board_part file is either invalid or not available
WARNING: [Board 49-26] cannot add Board Part xilinx.com:vhk158:part0:1.1 available at C:/Xilinx/2025.1/data/xhub/boards\XilinxBoardStore\boards\Xilinx\vhk158\production\1.1\board.xml as part xcvh1582-vsva3697-2mp-e-s specified in board_part file is either invalid or not available
WARNING: [Board 49-26] cannot add Board Part xilinx.com:vhk158:part0:1.2 available at C:/Xilinx/2025.1/data/xhub/boards\XilinxBoardStore\boards\Xilinx\vhk158\production\1.2\board.xml as part xcvh1582-vsva3697-2mp-e-s specified in board_part file is either invalid or not available
WARNING: [Board 49-26] cannot add Board Part xilinx.com:vmk180:part0:2.2 available at C:/Xilinx/2025.1/data/xhub/boards\XilinxBoardStore\boards\Xilinx\vmk180\production\2.2\board.xml as part xcvm1802-vsva2197-2mp-e-s specified in board_part file is either invalid or not available
WARNING: [Board 49-26] cannot add Board Part xilinx.com:vmk180:part0:3.0 available at C:/Xilinx/2025.1/data/xhub/boards\XilinxBoardStore\boards\Xilinx\vmk180\production\3.0\board.xml as part xcvm1802-vsva2197-2mp-e-s specified in board_part file is either invalid or not available
WARNING: [Board 49-26] cannot add Board Part xilinx.com:vmk180:part0:3.1 available at C:/Xilinx/2025.1/data/xhub/boards\XilinxBoardStore\boards\Xilinx\vmk180\production\3.1\board.xml as part xcvm1802-vsva2197-2mp-e-s specified in board_part file is either invalid or not available
WARNING: [Board 49-26] cannot add Board Part xilinx.com:vmk180:part0:3.2 available at C:/Xilinx/2025.1/data/xhub/boards\XilinxBoardStore\boards\Xilinx\vmk180\production\3.2\board.xml as part xcvm1802-vsva2197-2mp-e-s specified in board_part file is either invalid or not available
WARNING: [Board 49-26] cannot add Board Part xilinx.com:vmk180:part0:3.3 available at C:/Xilinx/2025.1/data/xhub/boards\XilinxBoardStore\boards\Xilinx\vmk180\production\3.3\board.xml as part xcvm1802-vsva2197-2mp-e-s specified in board_part file is either invalid or not available
WARNING: [Board 49-26] cannot add Board Part xilinx.com:vmk180_newl:part0:1.0 available at C:/Xilinx/2025.1/data/xhub/boards\XilinxBoardStore\boards\Xilinx\vmk180_newl\production\1.0\board.xml as part xcvm1802-vsva2197-2mp-e-s specified in board_part file is either invalid or not available
WARNING: [Board 49-26] cannot add Board Part xilinx.com:vmk180_newl:part0:1.1 available at C:/Xilinx/2025.1/data/xhub/boards\XilinxBoardStore\boards\Xilinx\vmk180_newl\production\1.1\board.xml as part xcvm1802-vsva2197-2mp-e-s specified in board_part file is either invalid or not available
WARNING: [Board 49-26] cannot add Board Part xilinx.com:vpk120:part0:1.0 available at C:/Xilinx/2025.1/data/xhub/boards\XilinxBoardStore\boards\Xilinx\vpk120\production\1.0\board.xml as part xcvp1202-vsva2785-2mp-e-s specified in board_part file is either invalid or not available
WARNING: [Board 49-26] cannot add Board Part xilinx.com:vpk120:part0:1.1 available at C:/Xilinx/2025.1/data/xhub/boards\XilinxBoardStore\boards\Xilinx\vpk120\production\1.1\board.xml as part xcvp1202-vsva2785-2mp-e-s specified in board_part file is either invalid or not available
WARNING: [Board 49-26] cannot add Board Part xilinx.com:vpk120:part0:1.2 available at C:/Xilinx/2025.1/data/xhub/boards\XilinxBoardStore\boards\Xilinx\vpk120\production\1.2\board.xml as part xcvp1202-vsva2785-2mp-e-s specified in board_part file is either invalid or not available
WARNING: [Board 49-26] cannot add Board Part xilinx.com:vpk180:part0:1.0 available at C:/Xilinx/2025.1/data/xhub/boards\XilinxBoardStore\boards\Xilinx\vpk180\production\1.0\board.xml as part xcvp1802-lsvc4072-2mp-e-s specified in board_part file is either invalid or not available
WARNING: [Board 49-26] cannot add Board Part xilinx.com:vpk180:part0:1.1 available at C:/Xilinx/2025.1/data/xhub/boards\XilinxBoardStore\boards\Xilinx\vpk180\production\1.1\board.xml as part xcvp1802-lsvc4072-2mp-e-s specified in board_part file is either invalid or not available
WARNING: [Board 49-26] cannot add Board Part xilinx.com:vpk180:part0:1.2 available at C:/Xilinx/2025.1/data/xhub/boards\XilinxBoardStore\boards\Xilinx\vpk180\production\1.2\board.xml as part xcvp1802-lsvc4072-2mp-e-s specified in board_part file is either invalid or not available
WARNING: [Board 49-26] cannot add Board Part xilinx.com:zc702:part0:1.4 available at C:/Xilinx/2025.1/data/xhub/boards\XilinxBoardStore\boards\Xilinx\zc702\1.4\board.xml as part xc7z020clg484-1 specified in board_part file is either invalid or not available
WARNING: [Board 49-26] cannot add Board Part xilinx.com:zc706:part0:1.4 available at C:/Xilinx/2025.1/data/xhub/boards\XilinxBoardStore\boards\Xilinx\zc706\1.4\board.xml as part xc7z045ffg900-2 specified in board_part file is either invalid or not available
WARNING: [Board 49-26] cannot add Board Part xilinx.com:zcu102:part0:3.3 available at C:/Xilinx/2025.1/data/xhub/boards\XilinxBoardStore\boards\Xilinx\zcu102\3.3\board.xml as part xczu9eg-ffvb1156-2-e specified in board_part file is either invalid or not available
WARNING: [Board 49-26] cannot add Board Part xilinx.com:zcu102:part0:3.4 available at C:/Xilinx/2025.1/data/xhub/boards\XilinxBoardStore\boards\Xilinx\zcu102\3.4\board.xml as part xczu9eg-ffvb1156-2-e specified in board_part file is either invalid or not available
WARNING: [Board 49-26] cannot add Board Part xilinx.com:zcu104:part0:1.1 available at C:/Xilinx/2025.1/data/xhub/boards\XilinxBoardStore\boards\Xilinx\zcu104\1.1\board.xml as part xczu7ev-ffvc1156-2-e specified in board_part file is either invalid or not available
WARNING: [Board 49-26] cannot add Board Part xilinx.com:zcu106:part0:2.4 available at C:/Xilinx/2025.1/data/xhub/boards\XilinxBoardStore\boards\Xilinx\zcu106\2.4\board.xml as part xczu7ev-ffvc1156-2-e specified in board_part file is either invalid or not available
WARNING: [Board 49-26] cannot add Board Part xilinx.com:zcu106:part0:2.5 available at C:/Xilinx/2025.1/data/xhub/boards\XilinxBoardStore\boards\Xilinx\zcu106\2.5\board.xml as part xczu7ev-ffvc1156-2-e specified in board_part file is either invalid or not available
WARNING: [Board 49-26] cannot add Board Part xilinx.com:zcu106:part0:2.6 available at C:/Xilinx/2025.1/data/xhub/boards\XilinxBoardStore\boards\Xilinx\zcu106\2.6\board.xml as part xczu7ev-ffvc1156-2-e specified in board_part file is either invalid or not available
WARNING: [Board 49-26] cannot add Board Part xilinx.com:zcu111:part0:1.2 available at C:/Xilinx/2025.1/data/xhub/boards\XilinxBoardStore\boards\Xilinx\zcu111\1.2\board.xml as part xczu28dr-ffvg1517-2-e specified in board_part file is either invalid or not available
WARNING: [Board 49-26] cannot add Board Part xilinx.com:zcu111:part0:1.3 available at C:/Xilinx/2025.1/data/xhub/boards\XilinxBoardStore\boards\Xilinx\zcu111\1.3\board.xml as part xczu28dr-ffvg1517-2-e specified in board_part file is either invalid or not available
WARNING: [Board 49-26] cannot add Board Part xilinx.com:zcu111:part0:1.4 available at C:/Xilinx/2025.1/data/xhub/boards\XilinxBoardStore\boards\Xilinx\zcu111\1.4\board.xml as part xczu28dr-ffvg1517-2-e specified in board_part file is either invalid or not available
WARNING: [Board 49-26] cannot add Board Part xilinx.com:zcu1275:part0:1.0 available at C:/Xilinx/2025.1/data/xhub/boards\XilinxBoardStore\boards\Xilinx\zcu1275\1.0\board.xml as part xczu29dr-ffvf1760-2-e specified in board_part file is either invalid or not available
WARNING: [Board 49-26] cannot add Board Part xilinx.com:zcu1285:part0:1.0 available at C:/Xilinx/2025.1/data/xhub/boards\XilinxBoardStore\boards\Xilinx\zcu1285\1.0\board.xml as part xczu39dr-ffvf1760-2-i specified in board_part file is either invalid or not available
WARNING: [Board 49-26] cannot add Board Part xilinx.com:zcu208:part0:2.0 available at C:/Xilinx/2025.1/data/xhub/boards\XilinxBoardStore\boards\Xilinx\zcu208\production\2.0\board.xml as part xczu48dr-fsvg1517-2-e specified in board_part file is either invalid or not available
WARNING: [Board 49-26] cannot add Board Part xilinx.com:zcu208ld:part0:2.0 available at C:/Xilinx/2025.1/data/xhub/boards\XilinxBoardStore\boards\Xilinx\zcu208ld\production\2.0\board.xml as part xczu58dr-fsvg1517-2-i specified in board_part file is either invalid or not available
WARNING: [Board 49-26] cannot add Board Part xilinx.com:zcu216:part0:2.0 available at C:/Xilinx/2025.1/data/xhub/boards\XilinxBoardStore\boards\Xilinx\zcu216\production\2.0\board.xml as part xczu49dr-ffvf1760-2-e specified in board_part file is either invalid or not available
WARNING: [Board 49-26] cannot add Board Part xilinx.com:zcu216ld:part0:2.0 available at C:/Xilinx/2025.1/data/xhub/boards\XilinxBoardStore\boards\Xilinx\zcu216ld\production\2.0\board.xml as part xczu59dr-ffvf1760-2-i specified in board_part file is either invalid or not available
WARNING: [Board 49-26] cannot add Board Part xilinx.com:zcu670:part0:2.0 available at C:/Xilinx/2025.1/data/xhub/boards\XilinxBoardStore\boards\Xilinx\zcu670\2.0\board.xml as part xczu67dr-fsve1156-2-i specified in board_part file is either invalid or not available
WARNING: [Board 49-26] cannot add Board Part xilinx.com:zcu670ld:part0:1.0 available at C:/Xilinx/2025.1/data/xhub/boards\XilinxBoardStore\boards\Xilinx\zcu670ld\1.0\board.xml as part xczu57dr-fsve1156-2-i specified in board_part file is either invalid or not available
Scanning sources...
Finished scanning sources
WARNING: [Board 49-26] cannot add Board Part xilinx.com:emb-plus-vpr-4616:part0:1.0 available at C:/Xilinx/2025.1/data/xhub/boards\XilinxBoardStore\boards\Xilinx\emb-plus-vpr-4616\1.0\board.xml as part xcve2302-sfva784-2mp-e-s specified in board_part file is either invalid or not available
WARNING: [Board 49-26] cannot add Board Part xilinx.com:emb-plus-vpr-4616:part0:1.1 available at C:/Xilinx/2025.1/data/xhub/boards\XilinxBoardStore\boards\Xilinx\emb-plus-vpr-4616\1.1\board.xml as part xcve2302-sfva784-2mp-e-s specified in board_part file is either invalid or not available
WARNING: [Board 49-26] cannot add Board Part xilinx.com:k24c:part0:1.0 available at C:/Xilinx/2025.1/data/xhub/boards\XilinxBoardStore\boards\Xilinx\k24c\1.0\board.xml as part xck24-ubva530-2lv-c specified in board_part file is either invalid or not available
WARNING: [Board 49-26] cannot add Board Part xilinx.com:k24c:part0:1.1 available at C:/Xilinx/2025.1/data/xhub/boards\XilinxBoardStore\boards\Xilinx\k24c\1.1\board.xml as part xck24-ubva530-2lv-c specified in board_part file is either invalid or not available
WARNING: [Board 49-26] cannot add Board Part xilinx.com:k24i:part0:1.0 available at C:/Xilinx/2025.1/data/xhub/boards\XilinxBoardStore\boards\Xilinx\k24i\1.0\board.xml as part xck24-ubva530-2lvi-i specified in board_part file is either invalid or not available
WARNING: [Board 49-26] cannot add Board Part xilinx.com:k26c:part0:1.2 available at C:/Xilinx/2025.1/data/xhub/boards\XilinxBoardStore\boards\Xilinx\k26c\1.2\board.xml as part xck26-sfvc784-2lv-c specified in board_part file is either invalid or not available
WARNING: [Board 49-26] cannot add Board Part xilinx.com:k26c:part0:1.3 available at C:/Xilinx/2025.1/data/xhub/boards\XilinxBoardStore\boards\Xilinx\k26c\1.3\board.xml as part xck26-sfvc784-2lv-c specified in board_part file is either invalid or not available
WARNING: [Board 49-26] cannot add Board Part xilinx.com:k26c:part0:1.4 available at C:/Xilinx/2025.1/data/xhub/boards\XilinxBoardStore\boards\Xilinx\k26c\1.4\board.xml as part xck26-sfvc784-2lv-c specified in board_part file is either invalid or not available
WARNING: [Board 49-26] cannot add Board Part xilinx.com:k26i:part0:1.2 available at C:/Xilinx/2025.1/data/xhub/boards\XilinxBoardStore\boards\Xilinx\k26i\1.2\board.xml as part xck26-sfvc784-2lvi-i specified in board_part file is either invalid or not available
WARNING: [Board 49-26] cannot add Board Part xilinx.com:k26i:part0:1.3 available at C:/Xilinx/2025.1/data/xhub/boards\XilinxBoardStore\boards\Xilinx\k26i\1.3\board.xml as part xck26-sfvc784-2lvi-i specified in board_part file is either invalid or not available
WARNING: [Board 49-26] cannot add Board Part xilinx.com:k26i:part0:1.4 available at C:/Xilinx/2025.1/data/xhub/boards\XilinxBoardStore\boards\Xilinx\k26i\1.4\board.xml as part xck26-sfvc784-2lvi-i specified in board_part file is either invalid or not available
WARNING: [Board 49-26] cannot add Board Part xilinx.com:kcu105:part0:1.6 available at C:/Xilinx/2025.1/data/xhub/boards\XilinxBoardStore\boards\Xilinx\kcu105\1.6\board.xml as part xcku040-ffva1156-2-e specified in board_part file is either invalid or not available
WARNING: [Board 49-26] cannot add Board Part xilinx.com:kcu105:part0:1.7 available at C:/Xilinx/2025.1/data/xhub/boards\XilinxBoardStore\boards\Xilinx\kcu105\1.7\board.xml as part xcku040-ffva1156-2-e specified in board_part file is either invalid or not available
WARNING: [Board 49-26] cannot add Board Part xilinx.com:kcu116:part0:1.4 available at C:/Xilinx/2025.1/data/xhub/boards\XilinxBoardStore\boards\Xilinx\kcu116\1.4\board.xml as part xcku5p-ffvb676-2-e specified in board_part file is either invalid or not available
WARNING: [Board 49-26] cannot add Board Part xilinx.com:kcu116:part0:1.5 available at C:/Xilinx/2025.1/data/xhub/boards\XilinxBoardStore\boards\Xilinx\kcu116\1.5\board.xml as part xcku5p-ffvb676-2-e specified in board_part file is either invalid or not available
INFO: [Common 17-14] Message 'Board 49-26' appears 100 times and further instances of the messages will be disabled. Use the Tcl command set_msg_config to change the current settings.
WARNING: [Project 1-5713] Board part '' set for the project  is not found. BoardPart property will be unset. Please select board from latest repo build 
INFO: [IP_Flow 19-234] Refreshing IP repositories
INFO: [IP_Flow 19-1704] No user IP repositories specified
INFO: [IP_Flow 19-2313] Loaded Vivado IP repository 'C:/Xilinx/2025.1/Vivado/data/ip'.
open_project: Time (s): cpu = 00:00:19 ; elapsed = 00:00:08 . Memory (MB): peak = 1632.648 ; gain = 189.297
update_compile_order -fileset sources_1
synth_design -rtl -rtl_skip_mlo -name rtl_1
Command: synth_design -rtl -rtl_skip_mlo -name rtl_1
Starting synth_design
Using part: xc7a35tcpg236-1
Top: lab_7_new_top_level
INFO: [Device 21-403] Loading part xc7a35tcpg236-1
INFO: [Synth 8-7079] Multithreading enabled for synth_design using a maximum of 2 processes.
INFO: [Synth 8-7078] Launching helper process for spawning children vivado processes
INFO: [Synth 8-7075] Helper process launched with PID 19824
---------------------------------------------------------------------------------
Starting RTL Elaboration : Time (s): cpu = 00:00:06 ; elapsed = 00:00:05 . Memory (MB): peak = 2282.840 ; gain = 480.418
---------------------------------------------------------------------------------
INFO: [Synth 8-6157] synthesizing module 'lab_7_new_top_level' [C:/Users/vikra/Documents/School/ThirdYearEng/FALL/ENEL453/ENEL-453/lab7/lab7/lab_7_new_top_level.sv:1]
INFO: [Synth 8-6157] synthesizing module 'switch_assignment' [C:/Users/vikra/Documents/School/ThirdYearEng/FALL/ENEL453/ENEL-453/lab7/lab7/switch_assignment.sv:1]
INFO: [Synth 8-6155] done synthesizing module 'switch_assignment' (0#1) [C:/Users/vikra/Documents/School/ThirdYearEng/FALL/ENEL453/ENEL-453/lab7/lab7/switch_assignment.sv:1]
INFO: [Synth 8-6157] synthesizing module 'synchronizer' [C:/Users/vikra/Documents/School/ThirdYearEng/FALL/ENEL453/ENEL-453/lab7/lab7/synchronizer.sv:1]
INFO: [Synth 8-6155] done synthesizing module 'synchronizer' (0#1) [C:/Users/vikra/Documents/School/ThirdYearEng/FALL/ENEL453/ENEL-453/lab7/lab7/synchronizer.sv:1]
INFO: [Synth 8-6157] synthesizing module 'synchronizer__parameterized0' [C:/Users/vikra/Documents/School/ThirdYearEng/FALL/ENEL453/ENEL-453/lab7/lab7/synchronizer.sv:1]
	Parameter WIDTH bound to: 32'sb00000000000000000000000000000010 
INFO: [Synth 8-6155] done synthesizing module 'synchronizer__parameterized0' (0#1) [C:/Users/vikra/Documents/School/ThirdYearEng/FALL/ENEL453/ENEL-453/lab7/lab7/synchronizer.sv:1]
INFO: [Synth 8-6157] synthesizing module 'xadc_wiz_0' [C:/Users/vikra/Documents/School/ThirdYearEng/FALL/ENEL453/ENEL-453/lab7/lab7/.Xil/Vivado-11900-VikramAsus/realtime/xadc_wiz_0_stub.v:6]
INFO: [Synth 8-6155] done synthesizing module 'xadc_wiz_0' (0#1) [C:/Users/vikra/Documents/School/ThirdYearEng/FALL/ENEL453/ENEL-453/lab7/lab7/.Xil/Vivado-11900-VikramAsus/realtime/xadc_wiz_0_stub.v:6]
INFO: [Synth 8-6157] synthesizing module 'r2r_adc' [C:/Users/vikra/Documents/School/ThirdYearEng/FALL/ENEL453/ENEL-453/lab7/lab7/r2r_adc.sv:1]
INFO: [Synth 8-6157] synthesizing module 'r2r_adc_sweep' [C:/Users/vikra/Documents/School/ThirdYearEng/FALL/ENEL453/ENEL-453/lab7/lab7/r2r_adc_sweep.sv:1]
INFO: [Synth 8-6155] done synthesizing module 'r2r_adc_sweep' (0#1) [C:/Users/vikra/Documents/School/ThirdYearEng/FALL/ENEL453/ENEL-453/lab7/lab7/r2r_adc_sweep.sv:1]
INFO: [Synth 8-6157] synthesizing module 'r2r_adc_sar' [C:/Users/vikra/Documents/School/ThirdYearEng/FALL/ENEL453/ENEL-453/lab7/lab7/r2r_adc_sar.sv:6]
INFO: [Synth 8-6157] synthesizing module 'mydowncounter' [C:/Users/vikra/Documents/School/ThirdYearEng/FALL/ENEL453/ENEL-453/lab7/lab7/mydowncounter.sv:1]
	Parameter PERIOD bound to: 32'sb00000000000000000010011100010000 
INFO: [Synth 8-6155] done synthesizing module 'mydowncounter' (0#1) [C:/Users/vikra/Documents/School/ThirdYearEng/FALL/ENEL453/ENEL-453/lab7/lab7/mydowncounter.sv:1]
INFO: [Synth 8-6155] done synthesizing module 'r2r_adc_sar' (0#1) [C:/Users/vikra/Documents/School/ThirdYearEng/FALL/ENEL453/ENEL-453/lab7/lab7/r2r_adc_sar.sv:6]
INFO: [Synth 8-6157] synthesizing module 'muxS_W' [C:/Users/vikra/Documents/School/ThirdYearEng/FALL/ENEL453/ENEL-453/lab7/lab7/muxS_W.sv:1]
	Parameter S bound to: 1 - type: integer 
	Parameter W bound to: 8 - type: integer 
INFO: [Synth 8-6155] done synthesizing module 'muxS_W' (0#1) [C:/Users/vikra/Documents/School/ThirdYearEng/FALL/ENEL453/ENEL-453/lab7/lab7/muxS_W.sv:1]
INFO: [Synth 8-6157] synthesizing module 'muxS_W__parameterized0' [C:/Users/vikra/Documents/School/ThirdYearEng/FALL/ENEL453/ENEL-453/lab7/lab7/muxS_W.sv:1]
	Parameter S bound to: 1 - type: integer 
	Parameter W bound to: 1 - type: integer 
INFO: [Synth 8-6155] done synthesizing module 'muxS_W__parameterized0' (0#1) [C:/Users/vikra/Documents/School/ThirdYearEng/FALL/ENEL453/ENEL-453/lab7/lab7/muxS_W.sv:1]
INFO: [Synth 8-6155] done synthesizing module 'r2r_adc' (0#1) [C:/Users/vikra/Documents/School/ThirdYearEng/FALL/ENEL453/ENEL-453/lab7/lab7/r2r_adc.sv:1]
INFO: [Synth 8-6157] synthesizing module 'pwm_adc' [C:/Users/vikra/Documents/School/ThirdYearEng/FALL/ENEL453/ENEL-453/lab7/lab7/pwm_adc.sv:1]
INFO: [Synth 8-6157] synthesizing module 'pwm_adc_sweep' [C:/Users/vikra/Documents/School/ThirdYearEng/FALL/ENEL453/ENEL-453/lab7/lab7/pwm_adc_sweep.sv:1]
INFO: [Synth 8-6157] synthesizing module 'pwm' [C:/Users/vikra/Documents/School/ThirdYearEng/FALL/ENEL453/ENEL-453/lab7/lab7/pwm.sv:1]
	Parameter WIDTH bound to: 32'sb00000000000000000000000000001000 
INFO: [Synth 8-6155] done synthesizing module 'pwm' (0#1) [C:/Users/vikra/Documents/School/ThirdYearEng/FALL/ENEL453/ENEL-453/lab7/lab7/pwm.sv:1]
INFO: [Synth 8-6157] synthesizing module 'downcounter' [C:/Users/vikra/Documents/School/ThirdYearEng/FALL/ENEL453/ENEL-453/lab7/lab7/downcounter.sv:1]
	Parameter PERIOD bound to: 32'sb00000000000000000010100000000000 
INFO: [Synth 8-6155] done synthesizing module 'downcounter' (0#1) [C:/Users/vikra/Documents/School/ThirdYearEng/FALL/ENEL453/ENEL-453/lab7/lab7/downcounter.sv:1]
INFO: [Synth 8-6155] done synthesizing module 'pwm_adc_sweep' (0#1) [C:/Users/vikra/Documents/School/ThirdYearEng/FALL/ENEL453/ENEL-453/lab7/lab7/pwm_adc_sweep.sv:1]
WARNING: [Synth 8-689] width (8) of port connection 'compare_neg_pwm' does not match port width (1) of module 'pwm_adc_sweep' [C:/Users/vikra/Documents/School/ThirdYearEng/FALL/ENEL453/ENEL-453/lab7/lab7/pwm_adc.sv:23]
INFO: [Synth 8-6157] synthesizing module 'pwm_adc_sar' [C:/Users/vikra/Documents/School/ThirdYearEng/FALL/ENEL453/ENEL-453/lab7/lab7/pwm_adc_sar.sv:8]
INFO: [Synth 8-6155] done synthesizing module 'pwm_adc_sar' (0#1) [C:/Users/vikra/Documents/School/ThirdYearEng/FALL/ENEL453/ENEL-453/lab7/lab7/pwm_adc_sar.sv:8]
WARNING: [Synth 8-689] width (8) of port connection 'compare_neg_pwm' does not match port width (1) of module 'pwm_adc_sar' [C:/Users/vikra/Documents/School/ThirdYearEng/FALL/ENEL453/ENEL-453/lab7/lab7/pwm_adc.sv:34]
INFO: [Synth 8-6155] done synthesizing module 'pwm_adc' (0#1) [C:/Users/vikra/Documents/School/ThirdYearEng/FALL/ENEL453/ENEL-453/lab7/lab7/pwm_adc.sv:1]
INFO: [Synth 8-6157] synthesizing module 'muxS_W__parameterized1' [C:/Users/vikra/Documents/School/ThirdYearEng/FALL/ENEL453/ENEL-453/lab7/lab7/muxS_W.sv:1]
	Parameter S bound to: 2 - type: integer 
	Parameter W bound to: 1 - type: integer 
INFO: [Synth 8-6155] done synthesizing module 'muxS_W__parameterized1' (0#1) [C:/Users/vikra/Documents/School/ThirdYearEng/FALL/ENEL453/ENEL-453/lab7/lab7/muxS_W.sv:1]
INFO: [Synth 8-6157] synthesizing module 'muxS_W__parameterized2' [C:/Users/vikra/Documents/School/ThirdYearEng/FALL/ENEL453/ENEL-453/lab7/lab7/muxS_W.sv:1]
	Parameter S bound to: 2 - type: integer 
	Parameter W bound to: 16 - type: integer 
INFO: [Synth 8-6155] done synthesizing module 'muxS_W__parameterized2' (0#1) [C:/Users/vikra/Documents/School/ThirdYearEng/FALL/ENEL453/ENEL-453/lab7/lab7/muxS_W.sv:1]
INFO: [Synth 8-6157] synthesizing module 'adc_averager' [C:/Users/vikra/Documents/School/ThirdYearEng/FALL/ENEL453/ENEL-453/lab7/lab7/adc_averager.sv:1]
	Parameter power bound to: 32'sb00000000000000000000000000001000 
INFO: [Synth 8-6157] synthesizing module 'averager' [C:/Users/vikra/Documents/School/ThirdYearEng/FALL/ENEL453/ENEL-453/lab7/lab7/averager.sv:1]
	Parameter power bound to: 32'sb00000000000000000000000000001000 
	Parameter N bound to: 32'sb00000000000000000000000000010000 
INFO: [Synth 8-6155] done synthesizing module 'averager' (0#1) [C:/Users/vikra/Documents/School/ThirdYearEng/FALL/ENEL453/ENEL-453/lab7/lab7/averager.sv:1]
INFO: [Synth 8-6155] done synthesizing module 'adc_averager' (0#1) [C:/Users/vikra/Documents/School/ThirdYearEng/FALL/ENEL453/ENEL-453/lab7/lab7/adc_averager.sv:1]
INFO: [Synth 8-6157] synthesizing module 'scaling_calibrator' [C:/Users/vikra/Documents/School/ThirdYearEng/FALL/ENEL453/ENEL-453/lab7/lab7/scaling_calibrator.sv:1]
INFO: [Synth 8-6157] synthesizing module 'muxS_W__parameterized3' [C:/Users/vikra/Documents/School/ThirdYearEng/FALL/ENEL453/ENEL-453/lab7/lab7/muxS_W.sv:1]
	Parameter S bound to: 3 - type: integer 
	Parameter W bound to: 16 - type: integer 
INFO: [Synth 8-6155] done synthesizing module 'muxS_W__parameterized3' (0#1) [C:/Users/vikra/Documents/School/ThirdYearEng/FALL/ENEL453/ENEL-453/lab7/lab7/muxS_W.sv:1]
INFO: [Synth 8-6157] synthesizing module 'muxS_W__parameterized4' [C:/Users/vikra/Documents/School/ThirdYearEng/FALL/ENEL453/ENEL-453/lab7/lab7/muxS_W.sv:1]
	Parameter S bound to: 3 - type: integer 
	Parameter W bound to: 5 - type: integer 
INFO: [Synth 8-6155] done synthesizing module 'muxS_W__parameterized4' (0#1) [C:/Users/vikra/Documents/School/ThirdYearEng/FALL/ENEL453/ENEL-453/lab7/lab7/muxS_W.sv:1]
INFO: [Synth 8-6155] done synthesizing module 'scaling_calibrator' (0#1) [C:/Users/vikra/Documents/School/ThirdYearEng/FALL/ENEL453/ENEL-453/lab7/lab7/scaling_calibrator.sv:1]
INFO: [Synth 8-6157] synthesizing module 'scalar' [C:/Users/vikra/Documents/School/ThirdYearEng/FALL/ENEL453/ENEL-453/lab7/lab7/scalar.sv:1]
	Parameter IN_WIDTH bound to: 32'sb00000000000000000000000000010000 
	Parameter SCALAR_WIDTH bound to: 32'sb00000000000000000000000000010000 
	Parameter SHIFT_WIDTH bound to: 32'sb00000000000000000000000000000101 
INFO: [Synth 8-6155] done synthesizing module 'scalar' (0#1) [C:/Users/vikra/Documents/School/ThirdYearEng/FALL/ENEL453/ENEL-453/lab7/lab7/scalar.sv:1]
INFO: [Synth 8-6157] synthesizing module 'bin_to_bcd' [C:/Users/vikra/Documents/School/ThirdYearEng/FALL/ENEL453/ENEL-453/lab7/lab7/bin_to_bcd.sv:43]
INFO: [Synth 8-6155] done synthesizing module 'bin_to_bcd' (0#1) [C:/Users/vikra/Documents/School/ThirdYearEng/FALL/ENEL453/ENEL-453/lab7/lab7/bin_to_bcd.sv:43]
INFO: [Synth 8-6157] synthesizing module 'muxS_W__parameterized5' [C:/Users/vikra/Documents/School/ThirdYearEng/FALL/ENEL453/ENEL-453/lab7/lab7/muxS_W.sv:1]
	Parameter S bound to: 1 - type: integer 
	Parameter W bound to: 16 - type: integer 
INFO: [Synth 8-6155] done synthesizing module 'muxS_W__parameterized5' (0#1) [C:/Users/vikra/Documents/School/ThirdYearEng/FALL/ENEL453/ENEL-453/lab7/lab7/muxS_W.sv:1]
INFO: [Synth 8-6157] synthesizing module 'music_player' [C:/Users/vikra/Documents/School/ThirdYearEng/FALL/ENEL453/ENEL-453/lab7/lab7/music_player.sv:1]
	Parameter CLOCK_FREQ bound to: 32'sb00000101111101011110000100000000 
INFO: [Synth 8-6157] synthesizing module 'song0_dur' [C:/Users/vikra/Documents/School/ThirdYearEng/FALL/ENEL453/ENEL-453/lab7/lab7/songs/song0_dur.sv:1]
	Parameter CLOCK_FREQ bound to: 32'sb00000101111101011110000100000000 
INFO: [Synth 8-6155] done synthesizing module 'song0_dur' (0#1) [C:/Users/vikra/Documents/School/ThirdYearEng/FALL/ENEL453/ENEL-453/lab7/lab7/songs/song0_dur.sv:1]
INFO: [Synth 8-6157] synthesizing module 'song1_dur' [C:/Users/vikra/Documents/School/ThirdYearEng/FALL/ENEL453/ENEL-453/lab7/lab7/songs/song1_dur.sv:1]
	Parameter CLOCK_FREQ bound to: 32'sb00000101111101011110000100000000 
INFO: [Synth 8-6155] done synthesizing module 'song1_dur' (0#1) [C:/Users/vikra/Documents/School/ThirdYearEng/FALL/ENEL453/ENEL-453/lab7/lab7/songs/song1_dur.sv:1]
INFO: [Synth 8-6157] synthesizing module 'song2_dur' [C:/Users/vikra/Documents/School/ThirdYearEng/FALL/ENEL453/ENEL-453/lab7/lab7/songs/song2_dur.sv:1]
	Parameter CLOCK_FREQ bound to: 32'sb00000101111101011110000100000000 
INFO: [Synth 8-6155] done synthesizing module 'song2_dur' (0#1) [C:/Users/vikra/Documents/School/ThirdYearEng/FALL/ENEL453/ENEL-453/lab7/lab7/songs/song2_dur.sv:1]
INFO: [Synth 8-6157] synthesizing module 'song3_dur' [C:/Users/vikra/Documents/School/ThirdYearEng/FALL/ENEL453/ENEL-453/lab7/lab7/songs/song3_dur.sv:1]
	Parameter CLOCK_FREQ bound to: 32'sb00000101111101011110000100000000 
INFO: [Synth 8-6155] done synthesizing module 'song3_dur' (0#1) [C:/Users/vikra/Documents/School/ThirdYearEng/FALL/ENEL453/ENEL-453/lab7/lab7/songs/song3_dur.sv:1]
INFO: [Synth 8-6157] synthesizing module 'song4_dur' [C:/Users/vikra/Documents/School/ThirdYearEng/FALL/ENEL453/ENEL-453/lab7/lab7/songs/song4_dur.sv:1]
	Parameter CLOCK_FREQ bound to: 32'sb00000101111101011110000100000000 
INFO: [Synth 8-6155] done synthesizing module 'song4_dur' (0#1) [C:/Users/vikra/Documents/School/ThirdYearEng/FALL/ENEL453/ENEL-453/lab7/lab7/songs/song4_dur.sv:1]
INFO: [Synth 8-6157] synthesizing module 'song5_dur' [C:/Users/vikra/Documents/School/ThirdYearEng/FALL/ENEL453/ENEL-453/lab7/lab7/songs/song5_dur.sv:1]
	Parameter CLOCK_FREQ bound to: 32'sb00000101111101011110000100000000 
INFO: [Synth 8-6155] done synthesizing module 'song5_dur' (0#1) [C:/Users/vikra/Documents/School/ThirdYearEng/FALL/ENEL453/ENEL-453/lab7/lab7/songs/song5_dur.sv:1]
INFO: [Synth 8-6157] synthesizing module 'song6_dur' [C:/Users/vikra/Documents/School/ThirdYearEng/FALL/ENEL453/ENEL-453/lab7/lab7/songs/song6_dur.sv:1]
	Parameter CLOCK_FREQ bound to: 32'sb00000101111101011110000100000000 
INFO: [Synth 8-6155] done synthesizing module 'song6_dur' (0#1) [C:/Users/vikra/Documents/School/ThirdYearEng/FALL/ENEL453/ENEL-453/lab7/lab7/songs/song6_dur.sv:1]
INFO: [Synth 8-6157] synthesizing module 'song7_dur' [C:/Users/vikra/Documents/School/ThirdYearEng/FALL/ENEL453/ENEL-453/lab7/lab7/songs/song7_dur.sv:1]
	Parameter CLOCK_FREQ bound to: 32'sb00000101111101011110000100000000 
INFO: [Synth 8-6155] done synthesizing module 'song7_dur' (0#1) [C:/Users/vikra/Documents/School/ThirdYearEng/FALL/ENEL453/ENEL-453/lab7/lab7/songs/song7_dur.sv:1]
INFO: [Synth 8-6157] synthesizing module 'muxS_W__parameterized6' [C:/Users/vikra/Documents/School/ThirdYearEng/FALL/ENEL453/ENEL-453/lab7/lab7/muxS_W.sv:1]
	Parameter S bound to: 3 - type: integer 
	Parameter W bound to: 29 - type: integer 
INFO: [Synth 8-6155] done synthesizing module 'muxS_W__parameterized6' (0#1) [C:/Users/vikra/Documents/School/ThirdYearEng/FALL/ENEL453/ENEL-453/lab7/lab7/muxS_W.sv:1]
INFO: [Synth 8-6157] synthesizing module 'song0_pitch' [C:/Users/vikra/Documents/School/ThirdYearEng/FALL/ENEL453/ENEL-453/lab7/lab7/songs/song0_pitch.sv:1]
INFO: [Synth 8-6155] done synthesizing module 'song0_pitch' (0#1) [C:/Users/vikra/Documents/School/ThirdYearEng/FALL/ENEL453/ENEL-453/lab7/lab7/songs/song0_pitch.sv:1]
INFO: [Synth 8-6157] synthesizing module 'song1_pitch' [C:/Users/vikra/Documents/School/ThirdYearEng/FALL/ENEL453/ENEL-453/lab7/lab7/songs/song1_pitch.sv:1]
INFO: [Synth 8-6155] done synthesizing module 'song1_pitch' (0#1) [C:/Users/vikra/Documents/School/ThirdYearEng/FALL/ENEL453/ENEL-453/lab7/lab7/songs/song1_pitch.sv:1]
INFO: [Synth 8-6157] synthesizing module 'song2_pitch' [C:/Users/vikra/Documents/School/ThirdYearEng/FALL/ENEL453/ENEL-453/lab7/lab7/songs/song2_pitch.sv:1]
INFO: [Synth 8-6155] done synthesizing module 'song2_pitch' (0#1) [C:/Users/vikra/Documents/School/ThirdYearEng/FALL/ENEL453/ENEL-453/lab7/lab7/songs/song2_pitch.sv:1]
INFO: [Synth 8-6157] synthesizing module 'song3_pitch' [C:/Users/vikra/Documents/School/ThirdYearEng/FALL/ENEL453/ENEL-453/lab7/lab7/songs/song3_pitch.sv:1]
INFO: [Synth 8-6155] done synthesizing module 'song3_pitch' (0#1) [C:/Users/vikra/Documents/School/ThirdYearEng/FALL/ENEL453/ENEL-453/lab7/lab7/songs/song3_pitch.sv:1]
INFO: [Synth 8-6157] synthesizing module 'song4_pitch' [C:/Users/vikra/Documents/School/ThirdYearEng/FALL/ENEL453/ENEL-453/lab7/lab7/songs/song4_pitch.sv:1]
INFO: [Synth 8-6155] done synthesizing module 'song4_pitch' (0#1) [C:/Users/vikra/Documents/School/ThirdYearEng/FALL/ENEL453/ENEL-453/lab7/lab7/songs/song4_pitch.sv:1]
INFO: [Synth 8-6157] synthesizing module 'song5_pitch' [C:/Users/vikra/Documents/School/ThirdYearEng/FALL/ENEL453/ENEL-453/lab7/lab7/songs/song5_pitch.sv:1]
INFO: [Synth 8-6155] done synthesizing module 'song5_pitch' (0#1) [C:/Users/vikra/Documents/School/ThirdYearEng/FALL/ENEL453/ENEL-453/lab7/lab7/songs/song5_pitch.sv:1]
INFO: [Synth 8-6157] synthesizing module 'song6_pitch' [C:/Users/vikra/Documents/School/ThirdYearEng/FALL/ENEL453/ENEL-453/lab7/lab7/songs/song6_pitch.sv:1]
INFO: [Synth 8-6155] done synthesizing module 'song6_pitch' (0#1) [C:/Users/vikra/Documents/School/ThirdYearEng/FALL/ENEL453/ENEL-453/lab7/lab7/songs/song6_pitch.sv:1]
INFO: [Synth 8-6157] synthesizing module 'song7_pitch' [C:/Users/vikra/Documents/School/ThirdYearEng/FALL/ENEL453/ENEL-453/lab7/lab7/songs/song7_pitch.sv:1]
INFO: [Synth 8-6155] done synthesizing module 'song7_pitch' (0#1) [C:/Users/vikra/Documents/School/ThirdYearEng/FALL/ENEL453/ENEL-453/lab7/lab7/songs/song7_pitch.sv:1]
INFO: [Synth 8-6157] synthesizing module 'muxS_W__parameterized7' [C:/Users/vikra/Documents/School/ThirdYearEng/FALL/ENEL453/ENEL-453/lab7/lab7/muxS_W.sv:1]
	Parameter S bound to: 3 - type: integer 
	Parameter W bound to: 7 - type: integer 
INFO: [Synth 8-6155] done synthesizing module 'muxS_W__parameterized7' (0#1) [C:/Users/vikra/Documents/School/ThirdYearEng/FALL/ENEL453/ENEL-453/lab7/lab7/muxS_W.sv:1]
INFO: [Synth 8-6157] synthesizing module 'song_player_timer' [C:/Users/vikra/Documents/School/ThirdYearEng/FALL/ENEL453/ENEL-453/lab7/lab7/music_player_stuff/song_player_timer.sv:1]
	Parameter CLOCK_FREQ bound to: 32'sb00000101111101011110000100000000 
INFO: [Synth 8-6155] done synthesizing module 'song_player_timer' (0#1) [C:/Users/vikra/Documents/School/ThirdYearEng/FALL/ENEL453/ENEL-453/lab7/lab7/music_player_stuff/song_player_timer.sv:1]
WARNING: [Synth 8-7071] port 'song_select' of module 'song_player_timer' is unconnected for instance 'player' [C:/Users/vikra/Documents/School/ThirdYearEng/FALL/ENEL453/ENEL-453/lab7/lab7/music_player.sv:128]
WARNING: [Synth 8-7023] instance 'player' of module 'song_player_timer' has 6 connections declared, but only 5 given [C:/Users/vikra/Documents/School/ThirdYearEng/FALL/ENEL453/ENEL-453/lab7/lab7/music_player.sv:128]
INFO: [Synth 8-6157] synthesizing module 'note_to_period' [C:/Users/vikra/Documents/School/ThirdYearEng/FALL/ENEL453/ENEL-453/lab7/lab7/music_player_stuff/note_to_period.sv:1]
	Parameter CLOCK_FREQ bound to: 32'sb00000101111101011110000100000000 
INFO: [Synth 8-226] default block is never used [C:/Users/vikra/Documents/School/ThirdYearEng/FALL/ENEL453/ENEL-453/lab7/lab7/music_player_stuff/note_to_period.sv:8]
INFO: [Synth 8-6155] done synthesizing module 'note_to_period' (0#1) [C:/Users/vikra/Documents/School/ThirdYearEng/FALL/ENEL453/ENEL-453/lab7/lab7/music_player_stuff/note_to_period.sv:1]
INFO: [Synth 8-6157] synthesizing module 'buzzer_pwm' [C:/Users/vikra/Documents/School/ThirdYearEng/FALL/ENEL453/ENEL-453/lab7/lab7/music_player_stuff/buzzer_pwm.sv:1]
	Parameter CLOCK_FREQ bound to: 32'sb00000101111101011110000100000000 
INFO: [Synth 8-6155] done synthesizing module 'buzzer_pwm' (0#1) [C:/Users/vikra/Documents/School/ThirdYearEng/FALL/ENEL453/ENEL-453/lab7/lab7/music_player_stuff/buzzer_pwm.sv:1]
INFO: [Synth 8-6155] done synthesizing module 'music_player' (0#1) [C:/Users/vikra/Documents/School/ThirdYearEng/FALL/ENEL453/ENEL-453/lab7/lab7/music_player.sv:1]
WARNING: [Synth 8-7071] port 'volume' of module 'music_player' is unconnected for instance 'MUSIC_PLAYER' [C:/Users/vikra/Documents/School/ThirdYearEng/FALL/ENEL453/ENEL-453/lab7/lab7/lab_7_new_top_level.sv:219]
WARNING: [Synth 8-7023] instance 'MUSIC_PLAYER' of module 'music_player' has 7 connections declared, but only 6 given [C:/Users/vikra/Documents/School/ThirdYearEng/FALL/ENEL453/ENEL-453/lab7/lab7/lab_7_new_top_level.sv:219]
INFO: [Synth 8-6157] synthesizing module 'basys_display' [C:/Users/vikra/Documents/School/ThirdYearEng/FALL/ENEL453/ENEL-453/lab7/lab7/basys_display.sv:1]
INFO: [Synth 8-6157] synthesizing module 'seven_segment_display_subsystem' [C:/Users/vikra/Documents/School/ThirdYearEng/FALL/ENEL453/ENEL-453/lab7/lab7/seven_segment_display_subsystem.sv:26]
INFO: [Synth 8-6157] synthesizing module 'digit_multiplexor' [C:/Users/vikra/Documents/School/ThirdYearEng/FALL/ENEL453/ENEL-453/lab7/lab7/digit_multiplexor.sv:39]
INFO: [Synth 8-6155] done synthesizing module 'digit_multiplexor' (0#1) [C:/Users/vikra/Documents/School/ThirdYearEng/FALL/ENEL453/ENEL-453/lab7/lab7/digit_multiplexor.sv:39]
INFO: [Synth 8-6157] synthesizing module 'seven_segment_digit_selector' [C:/Users/vikra/Documents/School/ThirdYearEng/FALL/ENEL453/ENEL-453/lab7/lab7/seven_segment_digit_selector.sv:36]
INFO: [Synth 8-6155] done synthesizing module 'seven_segment_digit_selector' (0#1) [C:/Users/vikra/Documents/School/ThirdYearEng/FALL/ENEL453/ENEL-453/lab7/lab7/seven_segment_digit_selector.sv:36]
INFO: [Synth 8-6157] synthesizing module 'seven_segment_decoder' [C:/Users/vikra/Documents/School/ThirdYearEng/FALL/ENEL453/ENEL-453/lab7/lab7/seven_segment_decoder.sv:37]
INFO: [Synth 8-226] default block is never used [C:/Users/vikra/Documents/School/ThirdYearEng/FALL/ENEL453/ENEL-453/lab7/lab7/seven_segment_decoder.sv:55]
INFO: [Synth 8-6155] done synthesizing module 'seven_segment_decoder' (0#1) [C:/Users/vikra/Documents/School/ThirdYearEng/FALL/ENEL453/ENEL-453/lab7/lab7/seven_segment_decoder.sv:37]
INFO: [Synth 8-6155] done synthesizing module 'seven_segment_display_subsystem' (0#1) [C:/Users/vikra/Documents/School/ThirdYearEng/FALL/ENEL453/ENEL-453/lab7/lab7/seven_segment_display_subsystem.sv:26]
INFO: [Synth 8-6155] done synthesizing module 'basys_display' (0#1) [C:/Users/vikra/Documents/School/ThirdYearEng/FALL/ENEL453/ENEL-453/lab7/lab7/basys_display.sv:1]
INFO: [Synth 8-6155] done synthesizing module 'lab_7_new_top_level' (0#1) [C:/Users/vikra/Documents/School/ThirdYearEng/FALL/ENEL453/ENEL-453/lab7/lab7/lab_7_new_top_level.sv:1]
WARNING: [Synth 8-6014] Unused sequential element ready_reg was removed.  [C:/Users/vikra/Documents/School/ThirdYearEng/FALL/ENEL453/ENEL-453/lab7/lab7/bin_to_bcd.sv:59]
WARNING: [Synth 8-3848] Net old_song_select in module/entity song_player_timer does not have driver. [C:/Users/vikra/Documents/School/ThirdYearEng/FALL/ENEL453/ENEL-453/lab7/lab7/music_player_stuff/song_player_timer.sv:14]
WARNING: [Synth 8-7129] Port ADC_select[1] in module basys_display is either unconnected or has no load
WARNING: [Synth 8-7129] Port ADC_select[0] in module basys_display is either unconnected or has no load
WARNING: [Synth 8-7129] Port adc_method_select in module basys_display is either unconnected or has no load
WARNING: [Synth 8-7129] Port volume[15] in module music_player is either unconnected or has no load
WARNING: [Synth 8-7129] Port volume[14] in module music_player is either unconnected or has no load
WARNING: [Synth 8-7129] Port volume[13] in module music_player is either unconnected or has no load
WARNING: [Synth 8-7129] Port volume[12] in module music_player is either unconnected or has no load
WARNING: [Synth 8-7129] Port volume[11] in module music_player is either unconnected or has no load
WARNING: [Synth 8-7129] Port volume[10] in module music_player is either unconnected or has no load
WARNING: [Synth 8-7129] Port volume[9] in module music_player is either unconnected or has no load
WARNING: [Synth 8-7129] Port volume[8] in module music_player is either unconnected or has no load
WARNING: [Synth 8-7129] Port volume[7] in module music_player is either unconnected or has no load
WARNING: [Synth 8-7129] Port volume[6] in module music_player is either unconnected or has no load
WARNING: [Synth 8-7129] Port volume[5] in module music_player is either unconnected or has no load
WARNING: [Synth 8-7129] Port volume[4] in module music_player is either unconnected or has no load
WARNING: [Synth 8-7129] Port volume[3] in module music_player is either unconnected or has no load
WARNING: [Synth 8-7129] Port volume[2] in module music_player is either unconnected or has no load
WARNING: [Synth 8-7129] Port volume[1] in module music_player is either unconnected or has no load
WARNING: [Synth 8-7129] Port volume[0] in module music_player is either unconnected or has no load
WARNING: [Synth 8-7129] Port clk in module scalar is either unconnected or has no load
WARNING: [Synth 8-7129] Port reset in module scalar is either unconnected or has no load
WARNING: [Synth 8-7129] Port clk in module scaling_calibrator is either unconnected or has no load
WARNING: [Synth 8-7129] Port reset in module scaling_calibrator is either unconnected or has no load
WARNING: [Synth 8-7129] Port enable in module pwm_adc is either unconnected or has no load
WARNING: [Synth 8-7129] Port switches[12] in module switch_assignment is either unconnected or has no load
WARNING: [Synth 8-7129] Port switches[8] in module switch_assignment is either unconnected or has no load
WARNING: [Synth 8-7129] Port switches[7] in module switch_assignment is either unconnected or has no load
WARNING: [Synth 8-7129] Port switches[6] in module switch_assignment is either unconnected or has no load
WARNING: [Synth 8-7129] Port switches[5] in module switch_assignment is either unconnected or has no load
WARNING: [Synth 8-7129] Port switches[4] in module switch_assignment is either unconnected or has no load
WARNING: [Synth 8-7129] Port switches[2] in module switch_assignment is either unconnected or has no load
WARNING: [Synth 8-7129] Port switches[1] in module switch_assignment is either unconnected or has no load
---------------------------------------------------------------------------------
Finished RTL Elaboration : Time (s): cpu = 00:00:09 ; elapsed = 00:00:08 . Memory (MB): peak = 2419.375 ; gain = 616.953
---------------------------------------------------------------------------------
---------------------------------------------------------------------------------
Start Handling Custom Attributes
---------------------------------------------------------------------------------
---------------------------------------------------------------------------------
Finished Handling Custom Attributes : Time (s): cpu = 00:00:09 ; elapsed = 00:00:08 . Memory (MB): peak = 2419.375 ; gain = 616.953
---------------------------------------------------------------------------------
---------------------------------------------------------------------------------
Finished RTL Optimization Phase 1 : Time (s): cpu = 00:00:09 ; elapsed = 00:00:08 . Memory (MB): peak = 2419.375 ; gain = 616.953
---------------------------------------------------------------------------------
INFO: [Project 1-454] Reading design checkpoint 'c:/Users/vikra/Documents/School/ThirdYearEng/FALL/ENEL453/ENEL-453/lab7/lab7/lab7.gen/sources_1/ip/xadc_wiz_0/xadc_wiz_0.dcp' for cell 'XADC_INST'
Netlist sorting complete. Time (s): cpu = 00:00:00 ; elapsed = 00:00:00.040 . Memory (MB): peak = 2419.375 ; gain = 0.000
INFO: [Netlist 29-17] Analyzing 1 Unisim elements for replacement
INFO: [Netlist 29-28] Unisim Transformation completed in 0 CPU seconds
INFO: [Project 1-479] Netlist was created with Vivado 2025.1
INFO: [Project 1-570] Preparing netlist for logic optimization

Processing XDC Constraints
Initializing timing engine
Parsing XDC File [c:/Users/vikra/Documents/School/ThirdYearEng/FALL/ENEL453/ENEL-453/lab7/lab7/lab7.gen/sources_1/ip/xadc_wiz_0/xadc_wiz_0.xdc] for cell 'XADC_INST/inst'
Finished Parsing XDC File [c:/Users/vikra/Documents/School/ThirdYearEng/FALL/ENEL453/ENEL-453/lab7/lab7/lab7.gen/sources_1/ip/xadc_wiz_0/xadc_wiz_0.xdc] for cell 'XADC_INST/inst'
Parsing XDC File [C:/Users/vikra/Documents/School/ThirdYearEng/FALL/ENEL453/ENEL-453/lab7/lab7/Basys3_Lab_7.xdc]
Finished Parsing XDC File [C:/Users/vikra/Documents/School/ThirdYearEng/FALL/ENEL453/ENEL-453/lab7/lab7/Basys3_Lab_7.xdc]
Completed Processing XDC Constraints

Netlist sorting complete. Time (s): cpu = 00:00:00 ; elapsed = 00:00:00.002 . Memory (MB): peak = 2471.320 ; gain = 0.000
INFO: [Project 1-111] Unisim Transformation Summary:
No Unisim elements were transformed.

RTL Elaboration Complete:  : Time (s): cpu = 00:00:22 ; elapsed = 00:00:16 . Memory (MB): peak = 2759.160 ; gain = 956.738
118 Infos, 40 Warnings, 0 Critical Warnings and 0 Errors encountered.
synth_design completed successfully
synth_design: Time (s): cpu = 00:00:24 ; elapsed = 00:00:19 . Memory (MB): peak = 2759.160 ; gain = 1123.871
exit
INFO: [Common 17-206] Exiting Vivado at Thu Nov 27 21:04:18 2025...
